2023-06-07 06:59:38,990 INFO o.a.j.u.JMeterUtils: Setting Locale to en_EN
2023-06-07 06:59:39,010 INFO o.a.j.JMeter: Loading user properties from: /opt/apache-jmeter-5.5/bin/user.properties
2023-06-07 06:59:39,011 INFO o.a.j.JMeter: Loading system properties from: /opt/apache-jmeter-5.5/bin/system.properties
2023-06-07 06:59:39,011 INFO o.a.j.JMeter: Setting System property: log4j2.formatMsgNoLookups=true
2023-06-07 06:59:39,020 INFO o.a.j.JMeter: Copyright (c) 1998-2022 The Apache Software Foundation
2023-06-07 06:59:39,020 INFO o.a.j.JMeter: Version 5.5
2023-06-07 06:59:39,020 INFO o.a.j.JMeter: java.version=1.8.0_275
2023-06-07 06:59:39,020 INFO o.a.j.JMeter: java.vm.name=OpenJDK 64-Bit Server VM
2023-06-07 06:59:39,020 INFO o.a.j.JMeter: os.name=Linux
2023-06-07 06:59:39,020 INFO o.a.j.JMeter: os.arch=amd64
2023-06-07 06:59:39,020 INFO o.a.j.JMeter: os.version=5.15.0-56-generic
2023-06-07 06:59:39,020 INFO o.a.j.JMeter: file.encoding=UTF-8
2023-06-07 06:59:39,020 INFO o.a.j.JMeter: java.awt.headless=true
2023-06-07 06:59:39,020 INFO o.a.j.JMeter: Max memory     =8220835840
2023-06-07 06:59:39,020 INFO o.a.j.JMeter: Available Processors =8
2023-06-07 06:59:39,026 INFO o.a.j.JMeter: Default Locale=English (EN)
2023-06-07 06:59:39,027 INFO o.a.j.JMeter: JMeter  Locale=English (EN)
2023-06-07 06:59:39,027 INFO o.a.j.JMeter: JMeterHome=/opt/apache-jmeter-5.5
2023-06-07 06:59:39,027 INFO o.a.j.JMeter: user.dir  =/opt/apache-jmeter-5.5
2023-06-07 06:59:39,027 INFO o.a.j.JMeter: PWD       =/opt/apache-jmeter-5.5
2023-06-07 06:59:39,027 INFO o.a.j.JMeter: IP: 172.17.0.2 Name: bf1b49fd7f6d FullName: bf1b49fd7f6d
2023-06-07 06:59:39,051 INFO o.a.j.s.FileServer: Default base='/opt/apache-jmeter-5.5'
2023-06-07 06:59:39,052 INFO o.a.j.s.FileServer: Set new base='/scripts'
2023-06-07 06:59:39,184 INFO o.a.j.s.SaveService: Testplan (JMX) version: 2.2. Testlog (JTL) version: 2.2
2023-06-07 06:59:39,202 INFO o.a.j.s.SaveService: Using SaveService properties file encoding UTF-8
2023-06-07 06:59:39,205 INFO o.a.j.s.SaveService: Using SaveService properties version 5.0
2023-06-07 06:59:39,211 INFO o.a.j.s.SaveService: Loading file: /scripts/your_script.jmx
2023-06-07 06:59:39,257 INFO o.a.j.p.h.s.HTTPSamplerBase: Parser for text/html is org.apache.jmeter.protocol.http.parser.LagartoBasedHtmlParser
2023-06-07 06:59:39,257 INFO o.a.j.p.h.s.HTTPSamplerBase: Parser for application/xhtml+xml is org.apache.jmeter.protocol.http.parser.LagartoBasedHtmlParser
2023-06-07 06:59:39,257 INFO o.a.j.p.h.s.HTTPSamplerBase: Parser for application/xml is org.apache.jmeter.protocol.http.parser.LagartoBasedHtmlParser
2023-06-07 06:59:39,257 INFO o.a.j.p.h.s.HTTPSamplerBase: Parser for text/xml is org.apache.jmeter.protocol.http.parser.LagartoBasedHtmlParser
2023-06-07 06:59:39,257 INFO o.a.j.p.h.s.HTTPSamplerBase: Parser for text/vnd.wap.wml is org.apache.jmeter.protocol.http.parser.RegexpHTMLParser
2023-06-07 06:59:39,257 INFO o.a.j.p.h.s.HTTPSamplerBase: Parser for text/css is org.apache.jmeter.protocol.http.parser.CssParser
2023-06-07 06:59:39,577 INFO o.a.j.JMeter: Creating summariser <summary>
2023-06-07 06:59:39,585 INFO o.a.j.e.StandardJMeterEngine: Running the test!
2023-06-07 06:59:39,586 INFO o.a.j.s.SampleEvent: List of sample_variables: []
2023-06-07 06:59:39,586 INFO o.a.j.s.SampleEvent: List of sample_variables: []
2023-06-07 06:59:39,591 INFO o.a.j.e.u.CompoundVariable: Note: Function class names must contain the string: '.functions.'
2023-06-07 06:59:39,591 INFO o.a.j.e.u.CompoundVariable: Note: Function class names must not contain the string: '.gui.'
2023-06-07 06:59:40,045 INFO o.a.j.r.ResultCollector: Folder at /opt/apache-jmeter-5.5/Results was created
2023-06-07 06:59:40,050 INFO o.a.j.JMeter: Running test (1686113980050)
2023-06-07 06:59:40,145 INFO o.a.j.e.StandardJMeterEngine: Starting ThreadGroup: 1 : Sales Users
2023-06-07 06:59:40,145 INFO o.a.j.e.StandardJMeterEngine: Starting 20 threads for group Sales Users.
2023-06-07 06:59:40,145 INFO o.a.j.e.StandardJMeterEngine: Thread will continue on error
2023-06-07 06:59:40,145 INFO o.a.j.t.ThreadGroup: Starting thread group... number=1 threads=20 ramp-up=10 delayedStart=false
2023-06-07 06:59:40,161 INFO o.a.j.t.ThreadGroup: Started thread group number 1
2023-06-07 06:59:40,162 INFO o.a.j.e.StandardJMeterEngine: All thread groups have been started
2023-06-07 06:59:40,167 INFO o.a.j.t.JMeterThread: Thread started: Sales Users 1-1
2023-06-07 06:59:40,172 INFO o.a.j.s.FileServer: Stored: /home/vindyag/Vindya/NEW Learnings/DRIW/OMS Performace Testing/OMS Performance Testing/Inputs/Sales_Order_Input.csv
2023-06-07 06:59:40,172 ERROR o.a.j.t.JMeterThread: Test failed!
java.lang.IllegalArgumentException: Could not read file header line for file /home/vindyag/Vindya/NEW Learnings/DRIW/OMS Performace Testing/OMS Performance Testing/Inputs/Sales_Order_Input.csv
	at org.apache.jmeter.services.FileServer.reserveFile(FileServer.java:283) ~[ApacheJMeter_core.jar:5.5]
	at org.apache.jmeter.config.CSVDataSet.initVars(CSVDataSet.java:208) ~[ApacheJMeter_components.jar:5.5]
	at org.apache.jmeter.config.CSVDataSet.iterationStart(CSVDataSet.java:171) ~[ApacheJMeter_components.jar:5.5]
	at org.apache.jmeter.control.GenericController.fireIterationStart(GenericController.java:399) ~[ApacheJMeter_core.jar:5.5]
	at org.apache.jmeter.control.GenericController.fireIterEvents(GenericController.java:391) ~[ApacheJMeter_core.jar:5.5]
	at org.apache.jmeter.control.GenericController.next(GenericController.java:160) ~[ApacheJMeter_core.jar:5.5]
	at org.apache.jmeter.control.LoopController.next(LoopController.java:134) ~[ApacheJMeter_core.jar:5.5]
	at org.apache.jmeter.threads.AbstractThreadGroup.next(AbstractThreadGroup.java:99) ~[ApacheJMeter_core.jar:5.5]
	at org.apache.jmeter.threads.JMeterThread.run(JMeterThread.java:266) ~[ApacheJMeter_core.jar:5.5]
	at java.lang.Thread.run(Thread.java:748) ~[?:1.8.0_275]
Caused by: java.lang.IllegalArgumentException: File Sales_Order_Input.csv must exist and be readable
	at org.apache.jmeter.services.FileServer.createBufferedReader(FileServer.java:424) ~[ApacheJMeter_core.jar:5.5]
	at org.apache.jmeter.services.FileServer.readLine(FileServer.java:340) ~[ApacheJMeter_core.jar:5.5]
	at org.apache.jmeter.services.FileServer.readLine(FileServer.java:324) ~[ApacheJMeter_core.jar:5.5]
	at org.apache.jmeter.services.FileServer.reserveFile(FileServer.java:272) ~[ApacheJMeter_core.jar:5.5]
	... 9 more
2023-06-07 06:59:40,177 INFO o.a.j.t.JMeterThread: Thread finished: Sales Users 1-1
2023-06-07 06:59:40,660 INFO o.a.j.t.JMeterThread: Thread started: Sales Users 1-2
2023-06-07 06:59:40,660 ERROR o.a.j.t.JMeterThread: Test failed!
java.lang.IllegalArgumentException: Could not read file header line for file /home/vindyag/Vindya/NEW Learnings/DRIW/OMS Performace Testing/OMS Performance Testing/Inputs/Sales_Order_Input.csv
	at org.apache.jmeter.services.FileServer.reserveFile(FileServer.java:283) ~[ApacheJMeter_core.jar:5.5]
	at org.apache.jmeter.config.CSVDataSet.initVars(CSVDataSet.java:208) ~[ApacheJMeter_components.jar:5.5]
	at org.apache.jmeter.config.CSVDataSet.iterationStart(CSVDataSet.java:171) ~[ApacheJMeter_components.jar:5.5]
	at org.apache.jmeter.control.GenericController.fireIterationStart(GenericController.java:399) ~[ApacheJMeter_core.jar:5.5]
	at org.apache.jmeter.control.GenericController.fireIterEvents(GenericController.java:391) ~[ApacheJMeter_core.jar:5.5]
	at org.apache.jmeter.control.GenericController.next(GenericController.java:160) ~[ApacheJMeter_core.jar:5.5]
	at org.apache.jmeter.control.LoopController.next(LoopController.java:134) ~[ApacheJMeter_core.jar:5.5]
	at org.apache.jmeter.threads.AbstractThreadGroup.next(AbstractThreadGroup.java:99) ~[ApacheJMeter_core.jar:5.5]
	at org.apache.jmeter.threads.JMeterThread.run(JMeterThread.java:266) ~[ApacheJMeter_core.jar:5.5]
	at java.lang.Thread.run(Thread.java:748) ~[?:1.8.0_275]
Caused by: java.lang.IllegalArgumentException: File Sales_Order_Input.csv must exist and be readable
	at org.apache.jmeter.services.FileServer.createBufferedReader(FileServer.java:424) ~[ApacheJMeter_core.jar:5.5]
	at org.apache.jmeter.services.FileServer.readLine(FileServer.java:340) ~[ApacheJMeter_core.jar:5.5]
	at org.apache.jmeter.services.FileServer.readLine(FileServer.java:324) ~[ApacheJMeter_core.jar:5.5]
	at org.apache.jmeter.services.FileServer.reserveFile(FileServer.java:272) ~[ApacheJMeter_core.jar:5.5]
	... 9 more
2023-06-07 06:59:40,660 INFO o.a.j.t.JMeterThread: Thread finished: Sales Users 1-2
2023-06-07 06:59:41,159 INFO o.a.j.t.JMeterThread: Thread started: Sales Users 1-3
2023-06-07 06:59:41,160 ERROR o.a.j.t.JMeterThread: Test failed!
java.lang.IllegalArgumentException: Could not read file header line for file /home/vindyag/Vindya/NEW Learnings/DRIW/OMS Performace Testing/OMS Performance Testing/Inputs/Sales_Order_Input.csv
	at org.apache.jmeter.services.FileServer.reserveFile(FileServer.java:283) ~[ApacheJMeter_core.jar:5.5]
	at org.apache.jmeter.config.CSVDataSet.initVars(CSVDataSet.java:208) ~[ApacheJMeter_components.jar:5.5]
	at org.apache.jmeter.config.CSVDataSet.iterationStart(CSVDataSet.java:171) ~[ApacheJMeter_components.jar:5.5]
	at org.apache.jmeter.control.GenericController.fireIterationStart(GenericController.java:399) ~[ApacheJMeter_core.jar:5.5]
	at org.apache.jmeter.control.GenericController.fireIterEvents(GenericController.java:391) ~[ApacheJMeter_core.jar:5.5]
	at org.apache.jmeter.control.GenericController.next(GenericController.java:160) ~[ApacheJMeter_core.jar:5.5]
	at org.apache.jmeter.control.LoopController.next(LoopController.java:134) ~[ApacheJMeter_core.jar:5.5]
	at org.apache.jmeter.threads.AbstractThreadGroup.next(AbstractThreadGroup.java:99) ~[ApacheJMeter_core.jar:5.5]
	at org.apache.jmeter.threads.JMeterThread.run(JMeterThread.java:266) ~[ApacheJMeter_core.jar:5.5]
	at java.lang.Thread.run(Thread.java:748) ~[?:1.8.0_275]
Caused by: java.lang.IllegalArgumentException: File Sales_Order_Input.csv must exist and be readable
	at org.apache.jmeter.services.FileServer.createBufferedReader(FileServer.java:424) ~[ApacheJMeter_core.jar:5.5]
	at org.apache.jmeter.services.FileServer.readLine(FileServer.java:340) ~[ApacheJMeter_core.jar:5.5]
	at org.apache.jmeter.services.FileServer.readLine(FileServer.java:324) ~[ApacheJMeter_core.jar:5.5]
	at org.apache.jmeter.services.FileServer.reserveFile(FileServer.java:272) ~[ApacheJMeter_core.jar:5.5]
	... 9 more
2023-06-07 06:59:41,161 INFO o.a.j.t.JMeterThread: Thread finished: Sales Users 1-3
2023-06-07 06:59:41,661 INFO o.a.j.t.JMeterThread: Thread started: Sales Users 1-4
2023-06-07 06:59:41,662 ERROR o.a.j.t.JMeterThread: Test failed!
java.lang.IllegalArgumentException: Could not read file header line for file /home/vindyag/Vindya/NEW Learnings/DRIW/OMS Performace Testing/OMS Performance Testing/Inputs/Sales_Order_Input.csv
	at org.apache.jmeter.services.FileServer.reserveFile(FileServer.java:283) ~[ApacheJMeter_core.jar:5.5]
	at org.apache.jmeter.config.CSVDataSet.initVars(CSVDataSet.java:208) ~[ApacheJMeter_components.jar:5.5]
	at org.apache.jmeter.config.CSVDataSet.iterationStart(CSVDataSet.java:171) ~[ApacheJMeter_components.jar:5.5]
	at org.apache.jmeter.control.GenericController.fireIterationStart(GenericController.java:399) ~[ApacheJMeter_core.jar:5.5]
	at org.apache.jmeter.control.GenericController.fireIterEvents(GenericController.java:391) ~[ApacheJMeter_core.jar:5.5]
	at org.apache.jmeter.control.GenericController.next(GenericController.java:160) ~[ApacheJMeter_core.jar:5.5]
	at org.apache.jmeter.control.LoopController.next(LoopController.java:134) ~[ApacheJMeter_core.jar:5.5]
	at org.apache.jmeter.threads.AbstractThreadGroup.next(AbstractThreadGroup.java:99) ~[ApacheJMeter_core.jar:5.5]
	at org.apache.jmeter.threads.JMeterThread.run(JMeterThread.java:266) ~[ApacheJMeter_core.jar:5.5]
	at java.lang.Thread.run(Thread.java:748) ~[?:1.8.0_275]
Caused by: java.lang.IllegalArgumentException: File Sales_Order_Input.csv must exist and be readable
	at org.apache.jmeter.services.FileServer.createBufferedReader(FileServer.java:424) ~[ApacheJMeter_core.jar:5.5]
	at org.apache.jmeter.services.FileServer.readLine(FileServer.java:340) ~[ApacheJMeter_core.jar:5.5]
	at org.apache.jmeter.services.FileServer.readLine(FileServer.java:324) ~[ApacheJMeter_core.jar:5.5]
	at org.apache.jmeter.services.FileServer.reserveFile(FileServer.java:272) ~[ApacheJMeter_core.jar:5.5]
	... 9 more
2023-06-07 06:59:41,663 INFO o.a.j.t.JMeterThread: Thread finished: Sales Users 1-4
2023-06-07 06:59:42,158 INFO o.a.j.t.JMeterThread: Thread started: Sales Users 1-5
2023-06-07 06:59:42,158 ERROR o.a.j.t.JMeterThread: Test failed!
java.lang.IllegalArgumentException: Could not read file header line for file /home/vindyag/Vindya/NEW Learnings/DRIW/OMS Performace Testing/OMS Performance Testing/Inputs/Sales_Order_Input.csv
	at org.apache.jmeter.services.FileServer.reserveFile(FileServer.java:283) ~[ApacheJMeter_core.jar:5.5]
	at org.apache.jmeter.config.CSVDataSet.initVars(CSVDataSet.java:208) ~[ApacheJMeter_components.jar:5.5]
	at org.apache.jmeter.config.CSVDataSet.iterationStart(CSVDataSet.java:171) ~[ApacheJMeter_components.jar:5.5]
	at org.apache.jmeter.control.GenericController.fireIterationStart(GenericController.java:399) ~[ApacheJMeter_core.jar:5.5]
	at org.apache.jmeter.control.GenericController.fireIterEvents(GenericController.java:391) ~[ApacheJMeter_core.jar:5.5]
	at org.apache.jmeter.control.GenericController.next(GenericController.java:160) ~[ApacheJMeter_core.jar:5.5]
	at org.apache.jmeter.control.LoopController.next(LoopController.java:134) ~[ApacheJMeter_core.jar:5.5]
	at org.apache.jmeter.threads.AbstractThreadGroup.next(AbstractThreadGroup.java:99) ~[ApacheJMeter_core.jar:5.5]
	at org.apache.jmeter.threads.JMeterThread.run(JMeterThread.java:266) ~[ApacheJMeter_core.jar:5.5]
	at java.lang.Thread.run(Thread.java:748) ~[?:1.8.0_275]
Caused by: java.lang.IllegalArgumentException: File Sales_Order_Input.csv must exist and be readable
	at org.apache.jmeter.services.FileServer.createBufferedReader(FileServer.java:424) ~[ApacheJMeter_core.jar:5.5]
	at org.apache.jmeter.services.FileServer.readLine(FileServer.java:340) ~[ApacheJMeter_core.jar:5.5]
	at org.apache.jmeter.services.FileServer.readLine(FileServer.java:324) ~[ApacheJMeter_core.jar:5.5]
	at org.apache.jmeter.services.FileServer.reserveFile(FileServer.java:272) ~[ApacheJMeter_core.jar:5.5]
	... 9 more
2023-06-07 06:59:42,158 INFO o.a.j.t.JMeterThread: Thread finished: Sales Users 1-5
2023-06-07 06:59:42,659 INFO o.a.j.t.JMeterThread: Thread started: Sales Users 1-6
2023-06-07 06:59:42,660 ERROR o.a.j.t.JMeterThread: Test failed!
java.lang.IllegalArgumentException: Could not read file header line for file /home/vindyag/Vindya/NEW Learnings/DRIW/OMS Performace Testing/OMS Performance Testing/Inputs/Sales_Order_Input.csv
	at org.apache.jmeter.services.FileServer.reserveFile(FileServer.java:283) ~[ApacheJMeter_core.jar:5.5]
	at org.apache.jmeter.config.CSVDataSet.initVars(CSVDataSet.java:208) ~[ApacheJMeter_components.jar:5.5]
	at org.apache.jmeter.config.CSVDataSet.iterationStart(CSVDataSet.java:171) ~[ApacheJMeter_components.jar:5.5]
	at org.apache.jmeter.control.GenericController.fireIterationStart(GenericController.java:399) ~[ApacheJMeter_core.jar:5.5]
	at org.apache.jmeter.control.GenericController.fireIterEvents(GenericController.java:391) ~[ApacheJMeter_core.jar:5.5]
	at org.apache.jmeter.control.GenericController.next(GenericController.java:160) ~[ApacheJMeter_core.jar:5.5]
	at org.apache.jmeter.control.LoopController.next(LoopController.java:134) ~[ApacheJMeter_core.jar:5.5]
	at org.apache.jmeter.threads.AbstractThreadGroup.next(AbstractThreadGroup.java:99) ~[ApacheJMeter_core.jar:5.5]
	at org.apache.jmeter.threads.JMeterThread.run(JMeterThread.java:266) ~[ApacheJMeter_core.jar:5.5]
	at java.lang.Thread.run(Thread.java:748) ~[?:1.8.0_275]
Caused by: java.lang.IllegalArgumentException: File Sales_Order_Input.csv must exist and be readable
	at org.apache.jmeter.services.FileServer.createBufferedReader(FileServer.java:424) ~[ApacheJMeter_core.jar:5.5]
	at org.apache.jmeter.services.FileServer.readLine(FileServer.java:340) ~[ApacheJMeter_core.jar:5.5]
	at org.apache.jmeter.services.FileServer.readLine(FileServer.java:324) ~[ApacheJMeter_core.jar:5.5]
	at org.apache.jmeter.services.FileServer.reserveFile(FileServer.java:272) ~[ApacheJMeter_core.jar:5.5]
	... 9 more
2023-06-07 06:59:42,661 INFO o.a.j.t.JMeterThread: Thread finished: Sales Users 1-6
2023-06-07 06:59:43,160 INFO o.a.j.t.JMeterThread: Thread started: Sales Users 1-7
2023-06-07 06:59:43,160 ERROR o.a.j.t.JMeterThread: Test failed!
java.lang.IllegalArgumentException: Could not read file header line for file /home/vindyag/Vindya/NEW Learnings/DRIW/OMS Performace Testing/OMS Performance Testing/Inputs/Sales_Order_Input.csv
	at org.apache.jmeter.services.FileServer.reserveFile(FileServer.java:283) ~[ApacheJMeter_core.jar:5.5]
	at org.apache.jmeter.config.CSVDataSet.initVars(CSVDataSet.java:208) ~[ApacheJMeter_components.jar:5.5]
	at org.apache.jmeter.config.CSVDataSet.iterationStart(CSVDataSet.java:171) ~[ApacheJMeter_components.jar:5.5]
	at org.apache.jmeter.control.GenericController.fireIterationStart(GenericController.java:399) ~[ApacheJMeter_core.jar:5.5]
	at org.apache.jmeter.control.GenericController.fireIterEvents(GenericController.java:391) ~[ApacheJMeter_core.jar:5.5]
	at org.apache.jmeter.control.GenericController.next(GenericController.java:160) ~[ApacheJMeter_core.jar:5.5]
	at org.apache.jmeter.control.LoopController.next(LoopController.java:134) ~[ApacheJMeter_core.jar:5.5]
	at org.apache.jmeter.threads.AbstractThreadGroup.next(AbstractThreadGroup.java:99) ~[ApacheJMeter_core.jar:5.5]
	at org.apache.jmeter.threads.JMeterThread.run(JMeterThread.java:266) ~[ApacheJMeter_core.jar:5.5]
	at java.lang.Thread.run(Thread.java:748) ~[?:1.8.0_275]
Caused by: java.lang.IllegalArgumentException: File Sales_Order_Input.csv must exist and be readable
	at org.apache.jmeter.services.FileServer.createBufferedReader(FileServer.java:424) ~[ApacheJMeter_core.jar:5.5]
	at org.apache.jmeter.services.FileServer.readLine(FileServer.java:340) ~[ApacheJMeter_core.jar:5.5]
	at org.apache.jmeter.services.FileServer.readLine(FileServer.java:324) ~[ApacheJMeter_core.jar:5.5]
	at org.apache.jmeter.services.FileServer.reserveFile(FileServer.java:272) ~[ApacheJMeter_core.jar:5.5]
	... 9 more
2023-06-07 06:59:43,161 INFO o.a.j.t.JMeterThread: Thread finished: Sales Users 1-7
2023-06-07 06:59:43,658 INFO o.a.j.t.JMeterThread: Thread started: Sales Users 1-8
2023-06-07 06:59:43,659 ERROR o.a.j.t.JMeterThread: Test failed!
java.lang.IllegalArgumentException: Could not read file header line for file /home/vindyag/Vindya/NEW Learnings/DRIW/OMS Performace Testing/OMS Performance Testing/Inputs/Sales_Order_Input.csv
	at org.apache.jmeter.services.FileServer.reserveFile(FileServer.java:283) ~[ApacheJMeter_core.jar:5.5]
	at org.apache.jmeter.config.CSVDataSet.initVars(CSVDataSet.java:208) ~[ApacheJMeter_components.jar:5.5]
	at org.apache.jmeter.config.CSVDataSet.iterationStart(CSVDataSet.java:171) ~[ApacheJMeter_components.jar:5.5]
	at org.apache.jmeter.control.GenericController.fireIterationStart(GenericController.java:399) ~[ApacheJMeter_core.jar:5.5]
	at org.apache.jmeter.control.GenericController.fireIterEvents(GenericController.java:391) ~[ApacheJMeter_core.jar:5.5]
	at org.apache.jmeter.control.GenericController.next(GenericController.java:160) ~[ApacheJMeter_core.jar:5.5]
	at org.apache.jmeter.control.LoopController.next(LoopController.java:134) ~[ApacheJMeter_core.jar:5.5]
	at org.apache.jmeter.threads.AbstractThreadGroup.next(AbstractThreadGroup.java:99) ~[ApacheJMeter_core.jar:5.5]
	at org.apache.jmeter.threads.JMeterThread.run(JMeterThread.java:266) ~[ApacheJMeter_core.jar:5.5]
	at java.lang.Thread.run(Thread.java:748) ~[?:1.8.0_275]
Caused by: java.lang.IllegalArgumentException: File Sales_Order_Input.csv must exist and be readable
	at org.apache.jmeter.services.FileServer.createBufferedReader(FileServer.java:424) ~[ApacheJMeter_core.jar:5.5]
	at org.apache.jmeter.services.FileServer.readLine(FileServer.java:340) ~[ApacheJMeter_core.jar:5.5]
	at org.apache.jmeter.services.FileServer.readLine(FileServer.java:324) ~[ApacheJMeter_core.jar:5.5]
	at org.apache.jmeter.services.FileServer.reserveFile(FileServer.java:272) ~[ApacheJMeter_core.jar:5.5]
	... 9 more
2023-06-07 06:59:43,659 INFO o.a.j.t.JMeterThread: Thread finished: Sales Users 1-8
2023-06-07 06:59:44,162 INFO o.a.j.t.JMeterThread: Thread started: Sales Users 1-9
2023-06-07 06:59:44,163 ERROR o.a.j.t.JMeterThread: Test failed!
java.lang.IllegalArgumentException: Could not read file header line for file /home/vindyag/Vindya/NEW Learnings/DRIW/OMS Performace Testing/OMS Performance Testing/Inputs/Sales_Order_Input.csv
	at org.apache.jmeter.services.FileServer.reserveFile(FileServer.java:283) ~[ApacheJMeter_core.jar:5.5]
	at org.apache.jmeter.config.CSVDataSet.initVars(CSVDataSet.java:208) ~[ApacheJMeter_components.jar:5.5]
	at org.apache.jmeter.config.CSVDataSet.iterationStart(CSVDataSet.java:171) ~[ApacheJMeter_components.jar:5.5]
	at org.apache.jmeter.control.GenericController.fireIterationStart(GenericController.java:399) ~[ApacheJMeter_core.jar:5.5]
	at org.apache.jmeter.control.GenericController.fireIterEvents(GenericController.java:391) ~[ApacheJMeter_core.jar:5.5]
	at org.apache.jmeter.control.GenericController.next(GenericController.java:160) ~[ApacheJMeter_core.jar:5.5]
	at org.apache.jmeter.control.LoopController.next(LoopController.java:134) ~[ApacheJMeter_core.jar:5.5]
	at org.apache.jmeter.threads.AbstractThreadGroup.next(AbstractThreadGroup.java:99) ~[ApacheJMeter_core.jar:5.5]
	at org.apache.jmeter.threads.JMeterThread.run(JMeterThread.java:266) ~[ApacheJMeter_core.jar:5.5]
	at java.lang.Thread.run(Thread.java:748) ~[?:1.8.0_275]
Caused by: java.lang.IllegalArgumentException: File Sales_Order_Input.csv must exist and be readable
	at org.apache.jmeter.services.FileServer.createBufferedReader(FileServer.java:424) ~[ApacheJMeter_core.jar:5.5]
	at org.apache.jmeter.services.FileServer.readLine(FileServer.java:340) ~[ApacheJMeter_core.jar:5.5]
	at org.apache.jmeter.services.FileServer.readLine(FileServer.java:324) ~[ApacheJMeter_core.jar:5.5]
	at org.apache.jmeter.services.FileServer.reserveFile(FileServer.java:272) ~[ApacheJMeter_core.jar:5.5]
	... 9 more
2023-06-07 06:59:44,163 INFO o.a.j.t.JMeterThread: Thread finished: Sales Users 1-9
2023-06-07 06:59:44,658 INFO o.a.j.t.JMeterThread: Thread started: Sales Users 1-10
2023-06-07 06:59:44,658 ERROR o.a.j.t.JMeterThread: Test failed!
java.lang.IllegalArgumentException: Could not read file header line for file /home/vindyag/Vindya/NEW Learnings/DRIW/OMS Performace Testing/OMS Performance Testing/Inputs/Sales_Order_Input.csv
	at org.apache.jmeter.services.FileServer.reserveFile(FileServer.java:283) ~[ApacheJMeter_core.jar:5.5]
	at org.apache.jmeter.config.CSVDataSet.initVars(CSVDataSet.java:208) ~[ApacheJMeter_components.jar:5.5]
	at org.apache.jmeter.config.CSVDataSet.iterationStart(CSVDataSet.java:171) ~[ApacheJMeter_components.jar:5.5]
	at org.apache.jmeter.control.GenericController.fireIterationStart(GenericController.java:399) ~[ApacheJMeter_core.jar:5.5]
	at org.apache.jmeter.control.GenericController.fireIterEvents(GenericController.java:391) ~[ApacheJMeter_core.jar:5.5]
	at org.apache.jmeter.control.GenericController.next(GenericController.java:160) ~[ApacheJMeter_core.jar:5.5]
	at org.apache.jmeter.control.LoopController.next(LoopController.java:134) ~[ApacheJMeter_core.jar:5.5]
	at org.apache.jmeter.threads.AbstractThreadGroup.next(AbstractThreadGroup.java:99) ~[ApacheJMeter_core.jar:5.5]
	at org.apache.jmeter.threads.JMeterThread.run(JMeterThread.java:266) ~[ApacheJMeter_core.jar:5.5]
	at java.lang.Thread.run(Thread.java:748) ~[?:1.8.0_275]
Caused by: java.lang.IllegalArgumentException: File Sales_Order_Input.csv must exist and be readable
	at org.apache.jmeter.services.FileServer.createBufferedReader(FileServer.java:424) ~[ApacheJMeter_core.jar:5.5]
	at org.apache.jmeter.services.FileServer.readLine(FileServer.java:340) ~[ApacheJMeter_core.jar:5.5]
	at org.apache.jmeter.services.FileServer.readLine(FileServer.java:324) ~[ApacheJMeter_core.jar:5.5]
	at org.apache.jmeter.services.FileServer.reserveFile(FileServer.java:272) ~[ApacheJMeter_core.jar:5.5]
	... 9 more
2023-06-07 06:59:44,658 INFO o.a.j.t.JMeterThread: Thread finished: Sales Users 1-10
2023-06-07 06:59:45,157 INFO o.a.j.t.JMeterThread: Thread started: Sales Users 1-11
2023-06-07 06:59:45,159 ERROR o.a.j.t.JMeterThread: Test failed!
java.lang.IllegalArgumentException: Could not read file header line for file /home/vindyag/Vindya/NEW Learnings/DRIW/OMS Performace Testing/OMS Performance Testing/Inputs/Sales_Order_Input.csv
	at org.apache.jmeter.services.FileServer.reserveFile(FileServer.java:283) ~[ApacheJMeter_core.jar:5.5]
	at org.apache.jmeter.config.CSVDataSet.initVars(CSVDataSet.java:208) ~[ApacheJMeter_components.jar:5.5]
	at org.apache.jmeter.config.CSVDataSet.iterationStart(CSVDataSet.java:171) ~[ApacheJMeter_components.jar:5.5]
	at org.apache.jmeter.control.GenericController.fireIterationStart(GenericController.java:399) ~[ApacheJMeter_core.jar:5.5]
	at org.apache.jmeter.control.GenericController.fireIterEvents(GenericController.java:391) ~[ApacheJMeter_core.jar:5.5]
	at org.apache.jmeter.control.GenericController.next(GenericController.java:160) ~[ApacheJMeter_core.jar:5.5]
	at org.apache.jmeter.control.LoopController.next(LoopController.java:134) ~[ApacheJMeter_core.jar:5.5]
	at org.apache.jmeter.threads.AbstractThreadGroup.next(AbstractThreadGroup.java:99) ~[ApacheJMeter_core.jar:5.5]
	at org.apache.jmeter.threads.JMeterThread.run(JMeterThread.java:266) ~[ApacheJMeter_core.jar:5.5]
	at java.lang.Thread.run(Thread.java:748) ~[?:1.8.0_275]
Caused by: java.lang.IllegalArgumentException: File Sales_Order_Input.csv must exist and be readable
	at org.apache.jmeter.services.FileServer.createBufferedReader(FileServer.java:424) ~[ApacheJMeter_core.jar:5.5]
	at org.apache.jmeter.services.FileServer.readLine(FileServer.java:340) ~[ApacheJMeter_core.jar:5.5]
	at org.apache.jmeter.services.FileServer.readLine(FileServer.java:324) ~[ApacheJMeter_core.jar:5.5]
	at org.apache.jmeter.services.FileServer.reserveFile(FileServer.java:272) ~[ApacheJMeter_core.jar:5.5]
	... 9 more
2023-06-07 06:59:45,160 INFO o.a.j.t.JMeterThread: Thread finished: Sales Users 1-11
2023-06-07 06:59:45,661 INFO o.a.j.t.JMeterThread: Thread started: Sales Users 1-12
2023-06-07 06:59:45,663 ERROR o.a.j.t.JMeterThread: Test failed!
java.lang.IllegalArgumentException: Could not read file header line for file /home/vindyag/Vindya/NEW Learnings/DRIW/OMS Performace Testing/OMS Performance Testing/Inputs/Sales_Order_Input.csv
	at org.apache.jmeter.services.FileServer.reserveFile(FileServer.java:283) ~[ApacheJMeter_core.jar:5.5]
	at org.apache.jmeter.config.CSVDataSet.initVars(CSVDataSet.java:208) ~[ApacheJMeter_components.jar:5.5]
	at org.apache.jmeter.config.CSVDataSet.iterationStart(CSVDataSet.java:171) ~[ApacheJMeter_components.jar:5.5]
	at org.apache.jmeter.control.GenericController.fireIterationStart(GenericController.java:399) ~[ApacheJMeter_core.jar:5.5]
	at org.apache.jmeter.control.GenericController.fireIterEvents(GenericController.java:391) ~[ApacheJMeter_core.jar:5.5]
	at org.apache.jmeter.control.GenericController.next(GenericController.java:160) ~[ApacheJMeter_core.jar:5.5]
	at org.apache.jmeter.control.LoopController.next(LoopController.java:134) ~[ApacheJMeter_core.jar:5.5]
	at org.apache.jmeter.threads.AbstractThreadGroup.next(AbstractThreadGroup.java:99) ~[ApacheJMeter_core.jar:5.5]
	at org.apache.jmeter.threads.JMeterThread.run(JMeterThread.java:266) ~[ApacheJMeter_core.jar:5.5]
	at java.lang.Thread.run(Thread.java:748) ~[?:1.8.0_275]
Caused by: java.lang.IllegalArgumentException: File Sales_Order_Input.csv must exist and be readable
	at org.apache.jmeter.services.FileServer.createBufferedReader(FileServer.java:424) ~[ApacheJMeter_core.jar:5.5]
	at org.apache.jmeter.services.FileServer.readLine(FileServer.java:340) ~[ApacheJMeter_core.jar:5.5]
	at org.apache.jmeter.services.FileServer.readLine(FileServer.java:324) ~[ApacheJMeter_core.jar:5.5]
	at org.apache.jmeter.services.FileServer.reserveFile(FileServer.java:272) ~[ApacheJMeter_core.jar:5.5]
	... 9 more
2023-06-07 06:59:45,664 INFO o.a.j.t.JMeterThread: Thread finished: Sales Users 1-12
2023-06-07 06:59:46,159 INFO o.a.j.t.JMeterThread: Thread started: Sales Users 1-13
2023-06-07 06:59:46,160 ERROR o.a.j.t.JMeterThread: Test failed!
java.lang.IllegalArgumentException: Could not read file header line for file /home/vindyag/Vindya/NEW Learnings/DRIW/OMS Performace Testing/OMS Performance Testing/Inputs/Sales_Order_Input.csv
	at org.apache.jmeter.services.FileServer.reserveFile(FileServer.java:283) ~[ApacheJMeter_core.jar:5.5]
	at org.apache.jmeter.config.CSVDataSet.initVars(CSVDataSet.java:208) ~[ApacheJMeter_components.jar:5.5]
	at org.apache.jmeter.config.CSVDataSet.iterationStart(CSVDataSet.java:171) ~[ApacheJMeter_components.jar:5.5]
	at org.apache.jmeter.control.GenericController.fireIterationStart(GenericController.java:399) ~[ApacheJMeter_core.jar:5.5]
	at org.apache.jmeter.control.GenericController.fireIterEvents(GenericController.java:391) ~[ApacheJMeter_core.jar:5.5]
	at org.apache.jmeter.control.GenericController.next(GenericController.java:160) ~[ApacheJMeter_core.jar:5.5]
	at org.apache.jmeter.control.LoopController.next(LoopController.java:134) ~[ApacheJMeter_core.jar:5.5]
	at org.apache.jmeter.threads.AbstractThreadGroup.next(AbstractThreadGroup.java:99) ~[ApacheJMeter_core.jar:5.5]
	at org.apache.jmeter.threads.JMeterThread.run(JMeterThread.java:266) ~[ApacheJMeter_core.jar:5.5]
	at java.lang.Thread.run(Thread.java:748) ~[?:1.8.0_275]
Caused by: java.lang.IllegalArgumentException: File Sales_Order_Input.csv must exist and be readable
	at org.apache.jmeter.services.FileServer.createBufferedReader(FileServer.java:424) ~[ApacheJMeter_core.jar:5.5]
	at org.apache.jmeter.services.FileServer.readLine(FileServer.java:340) ~[ApacheJMeter_core.jar:5.5]
	at org.apache.jmeter.services.FileServer.readLine(FileServer.java:324) ~[ApacheJMeter_core.jar:5.5]
	at org.apache.jmeter.services.FileServer.reserveFile(FileServer.java:272) ~[ApacheJMeter_core.jar:5.5]
	... 9 more
2023-06-07 06:59:46,161 INFO o.a.j.t.JMeterThread: Thread finished: Sales Users 1-13
2023-06-07 06:59:46,658 INFO o.a.j.t.JMeterThread: Thread started: Sales Users 1-14
2023-06-07 06:59:46,660 ERROR o.a.j.t.JMeterThread: Test failed!
java.lang.IllegalArgumentException: Could not read file header line for file /home/vindyag/Vindya/NEW Learnings/DRIW/OMS Performace Testing/OMS Performance Testing/Inputs/Sales_Order_Input.csv
	at org.apache.jmeter.services.FileServer.reserveFile(FileServer.java:283) ~[ApacheJMeter_core.jar:5.5]
	at org.apache.jmeter.config.CSVDataSet.initVars(CSVDataSet.java:208) ~[ApacheJMeter_components.jar:5.5]
	at org.apache.jmeter.config.CSVDataSet.iterationStart(CSVDataSet.java:171) ~[ApacheJMeter_components.jar:5.5]
	at org.apache.jmeter.control.GenericController.fireIterationStart(GenericController.java:399) ~[ApacheJMeter_core.jar:5.5]
	at org.apache.jmeter.control.GenericController.fireIterEvents(GenericController.java:391) ~[ApacheJMeter_core.jar:5.5]
	at org.apache.jmeter.control.GenericController.next(GenericController.java:160) ~[ApacheJMeter_core.jar:5.5]
	at org.apache.jmeter.control.LoopController.next(LoopController.java:134) ~[ApacheJMeter_core.jar:5.5]
	at org.apache.jmeter.threads.AbstractThreadGroup.next(AbstractThreadGroup.java:99) ~[ApacheJMeter_core.jar:5.5]
	at org.apache.jmeter.threads.JMeterThread.run(JMeterThread.java:266) ~[ApacheJMeter_core.jar:5.5]
	at java.lang.Thread.run(Thread.java:748) ~[?:1.8.0_275]
Caused by: java.lang.IllegalArgumentException: File Sales_Order_Input.csv must exist and be readable
	at org.apache.jmeter.services.FileServer.createBufferedReader(FileServer.java:424) ~[ApacheJMeter_core.jar:5.5]
	at org.apache.jmeter.services.FileServer.readLine(FileServer.java:340) ~[ApacheJMeter_core.jar:5.5]
	at org.apache.jmeter.services.FileServer.readLine(FileServer.java:324) ~[ApacheJMeter_core.jar:5.5]
	at org.apache.jmeter.services.FileServer.reserveFile(FileServer.java:272) ~[ApacheJMeter_core.jar:5.5]
	... 9 more
2023-06-07 06:59:46,661 INFO o.a.j.t.JMeterThread: Thread finished: Sales Users 1-14
2023-06-07 06:59:47,155 INFO o.a.j.t.JMeterThread: Thread started: Sales Users 1-15
2023-06-07 06:59:47,157 ERROR o.a.j.t.JMeterThread: Test failed!
java.lang.IllegalArgumentException: Could not read file header line for file /home/vindyag/Vindya/NEW Learnings/DRIW/OMS Performace Testing/OMS Performance Testing/Inputs/Sales_Order_Input.csv
	at org.apache.jmeter.services.FileServer.reserveFile(FileServer.java:283) ~[ApacheJMeter_core.jar:5.5]
	at org.apache.jmeter.config.CSVDataSet.initVars(CSVDataSet.java:208) ~[ApacheJMeter_components.jar:5.5]
	at org.apache.jmeter.config.CSVDataSet.iterationStart(CSVDataSet.java:171) ~[ApacheJMeter_components.jar:5.5]
	at org.apache.jmeter.control.GenericController.fireIterationStart(GenericController.java:399) ~[ApacheJMeter_core.jar:5.5]
	at org.apache.jmeter.control.GenericController.fireIterEvents(GenericController.java:391) ~[ApacheJMeter_core.jar:5.5]
	at org.apache.jmeter.control.GenericController.next(GenericController.java:160) ~[ApacheJMeter_core.jar:5.5]
	at org.apache.jmeter.control.LoopController.next(LoopController.java:134) ~[ApacheJMeter_core.jar:5.5]
	at org.apache.jmeter.threads.AbstractThreadGroup.next(AbstractThreadGroup.java:99) ~[ApacheJMeter_core.jar:5.5]
	at org.apache.jmeter.threads.JMeterThread.run(JMeterThread.java:266) ~[ApacheJMeter_core.jar:5.5]
	at java.lang.Thread.run(Thread.java:748) ~[?:1.8.0_275]
Caused by: java.lang.IllegalArgumentException: File Sales_Order_Input.csv must exist and be readable
	at org.apache.jmeter.services.FileServer.createBufferedReader(FileServer.java:424) ~[ApacheJMeter_core.jar:5.5]
	at org.apache.jmeter.services.FileServer.readLine(FileServer.java:340) ~[ApacheJMeter_core.jar:5.5]
	at org.apache.jmeter.services.FileServer.readLine(FileServer.java:324) ~[ApacheJMeter_core.jar:5.5]
	at org.apache.jmeter.services.FileServer.reserveFile(FileServer.java:272) ~[ApacheJMeter_core.jar:5.5]
	... 9 more
2023-06-07 06:59:47,158 INFO o.a.j.t.JMeterThread: Thread finished: Sales Users 1-15
2023-06-07 06:59:47,659 INFO o.a.j.t.JMeterThread: Thread started: Sales Users 1-16
2023-06-07 06:59:47,660 ERROR o.a.j.t.JMeterThread: Test failed!
java.lang.IllegalArgumentException: Could not read file header line for file /home/vindyag/Vindya/NEW Learnings/DRIW/OMS Performace Testing/OMS Performance Testing/Inputs/Sales_Order_Input.csv
	at org.apache.jmeter.services.FileServer.reserveFile(FileServer.java:283) ~[ApacheJMeter_core.jar:5.5]
	at org.apache.jmeter.config.CSVDataSet.initVars(CSVDataSet.java:208) ~[ApacheJMeter_components.jar:5.5]
	at org.apache.jmeter.config.CSVDataSet.iterationStart(CSVDataSet.java:171) ~[ApacheJMeter_components.jar:5.5]
	at org.apache.jmeter.control.GenericController.fireIterationStart(GenericController.java:399) ~[ApacheJMeter_core.jar:5.5]
	at org.apache.jmeter.control.GenericController.fireIterEvents(GenericController.java:391) ~[ApacheJMeter_core.jar:5.5]
	at org.apache.jmeter.control.GenericController.next(GenericController.java:160) ~[ApacheJMeter_core.jar:5.5]
	at org.apache.jmeter.control.LoopController.next(LoopController.java:134) ~[ApacheJMeter_core.jar:5.5]
	at org.apache.jmeter.threads.AbstractThreadGroup.next(AbstractThreadGroup.java:99) ~[ApacheJMeter_core.jar:5.5]
	at org.apache.jmeter.threads.JMeterThread.run(JMeterThread.java:266) ~[ApacheJMeter_core.jar:5.5]
	at java.lang.Thread.run(Thread.java:748) ~[?:1.8.0_275]
Caused by: java.lang.IllegalArgumentException: File Sales_Order_Input.csv must exist and be readable
	at org.apache.jmeter.services.FileServer.createBufferedReader(FileServer.java:424) ~[ApacheJMeter_core.jar:5.5]
	at org.apache.jmeter.services.FileServer.readLine(FileServer.java:340) ~[ApacheJMeter_core.jar:5.5]
	at org.apache.jmeter.services.FileServer.readLine(FileServer.java:324) ~[ApacheJMeter_core.jar:5.5]
	at org.apache.jmeter.services.FileServer.reserveFile(FileServer.java:272) ~[ApacheJMeter_core.jar:5.5]
	... 9 more
2023-06-07 06:59:47,661 INFO o.a.j.t.JMeterThread: Thread finished: Sales Users 1-16
2023-06-07 06:59:48,152 INFO o.a.j.t.JMeterThread: Thread started: Sales Users 1-17
2023-06-07 06:59:48,153 ERROR o.a.j.t.JMeterThread: Test failed!
java.lang.IllegalArgumentException: Could not read file header line for file /home/vindyag/Vindya/NEW Learnings/DRIW/OMS Performace Testing/OMS Performance Testing/Inputs/Sales_Order_Input.csv
	at org.apache.jmeter.services.FileServer.reserveFile(FileServer.java:283) ~[ApacheJMeter_core.jar:5.5]
	at org.apache.jmeter.config.CSVDataSet.initVars(CSVDataSet.java:208) ~[ApacheJMeter_components.jar:5.5]
	at org.apache.jmeter.config.CSVDataSet.iterationStart(CSVDataSet.java:171) ~[ApacheJMeter_components.jar:5.5]
	at org.apache.jmeter.control.GenericController.fireIterationStart(GenericController.java:399) ~[ApacheJMeter_core.jar:5.5]
	at org.apache.jmeter.control.GenericController.fireIterEvents(GenericController.java:391) ~[ApacheJMeter_core.jar:5.5]
	at org.apache.jmeter.control.GenericController.next(GenericController.java:160) ~[ApacheJMeter_core.jar:5.5]
	at org.apache.jmeter.control.LoopController.next(LoopController.java:134) ~[ApacheJMeter_core.jar:5.5]
	at org.apache.jmeter.threads.AbstractThreadGroup.next(AbstractThreadGroup.java:99) ~[ApacheJMeter_core.jar:5.5]
	at org.apache.jmeter.threads.JMeterThread.run(JMeterThread.java:266) ~[ApacheJMeter_core.jar:5.5]
	at java.lang.Thread.run(Thread.java:748) ~[?:1.8.0_275]
Caused by: java.lang.IllegalArgumentException: File Sales_Order_Input.csv must exist and be readable
	at org.apache.jmeter.services.FileServer.createBufferedReader(FileServer.java:424) ~[ApacheJMeter_core.jar:5.5]
	at org.apache.jmeter.services.FileServer.readLine(FileServer.java:340) ~[ApacheJMeter_core.jar:5.5]
	at org.apache.jmeter.services.FileServer.readLine(FileServer.java:324) ~[ApacheJMeter_core.jar:5.5]
	at org.apache.jmeter.services.FileServer.reserveFile(FileServer.java:272) ~[ApacheJMeter_core.jar:5.5]
	... 9 more
2023-06-07 06:59:48,154 INFO o.a.j.t.JMeterThread: Thread finished: Sales Users 1-17
2023-06-07 06:59:48,649 INFO o.a.j.t.JMeterThread: Thread started: Sales Users 1-18
2023-06-07 06:59:48,650 ERROR o.a.j.t.JMeterThread: Test failed!
java.lang.IllegalArgumentException: Could not read file header line for file /home/vindyag/Vindya/NEW Learnings/DRIW/OMS Performace Testing/OMS Performance Testing/Inputs/Sales_Order_Input.csv
	at org.apache.jmeter.services.FileServer.reserveFile(FileServer.java:283) ~[ApacheJMeter_core.jar:5.5]
	at org.apache.jmeter.config.CSVDataSet.initVars(CSVDataSet.java:208) ~[ApacheJMeter_components.jar:5.5]
	at org.apache.jmeter.config.CSVDataSet.iterationStart(CSVDataSet.java:171) ~[ApacheJMeter_components.jar:5.5]
	at org.apache.jmeter.control.GenericController.fireIterationStart(GenericController.java:399) ~[ApacheJMeter_core.jar:5.5]
	at org.apache.jmeter.control.GenericController.fireIterEvents(GenericController.java:391) ~[ApacheJMeter_core.jar:5.5]
	at org.apache.jmeter.control.GenericController.next(GenericController.java:160) ~[ApacheJMeter_core.jar:5.5]
	at org.apache.jmeter.control.LoopController.next(LoopController.java:134) ~[ApacheJMeter_core.jar:5.5]
	at org.apache.jmeter.threads.AbstractThreadGroup.next(AbstractThreadGroup.java:99) ~[ApacheJMeter_core.jar:5.5]
	at org.apache.jmeter.threads.JMeterThread.run(JMeterThread.java:266) ~[ApacheJMeter_core.jar:5.5]
	at java.lang.Thread.run(Thread.java:748) ~[?:1.8.0_275]
Caused by: java.lang.IllegalArgumentException: File Sales_Order_Input.csv must exist and be readable
	at org.apache.jmeter.services.FileServer.createBufferedReader(FileServer.java:424) ~[ApacheJMeter_core.jar:5.5]
	at org.apache.jmeter.services.FileServer.readLine(FileServer.java:340) ~[ApacheJMeter_core.jar:5.5]
	at org.apache.jmeter.services.FileServer.readLine(FileServer.java:324) ~[ApacheJMeter_core.jar:5.5]
	at org.apache.jmeter.services.FileServer.reserveFile(FileServer.java:272) ~[ApacheJMeter_core.jar:5.5]
	... 9 more
2023-06-07 06:59:48,651 INFO o.a.j.t.JMeterThread: Thread finished: Sales Users 1-18
2023-06-07 06:59:49,152 INFO o.a.j.t.JMeterThread: Thread started: Sales Users 1-19
2023-06-07 06:59:49,153 ERROR o.a.j.t.JMeterThread: Test failed!
java.lang.IllegalArgumentException: Could not read file header line for file /home/vindyag/Vindya/NEW Learnings/DRIW/OMS Performace Testing/OMS Performance Testing/Inputs/Sales_Order_Input.csv
	at org.apache.jmeter.services.FileServer.reserveFile(FileServer.java:283) ~[ApacheJMeter_core.jar:5.5]
	at org.apache.jmeter.config.CSVDataSet.initVars(CSVDataSet.java:208) ~[ApacheJMeter_components.jar:5.5]
	at org.apache.jmeter.config.CSVDataSet.iterationStart(CSVDataSet.java:171) ~[ApacheJMeter_components.jar:5.5]
	at org.apache.jmeter.control.GenericController.fireIterationStart(GenericController.java:399) ~[ApacheJMeter_core.jar:5.5]
	at org.apache.jmeter.control.GenericController.fireIterEvents(GenericController.java:391) ~[ApacheJMeter_core.jar:5.5]
	at org.apache.jmeter.control.GenericController.next(GenericController.java:160) ~[ApacheJMeter_core.jar:5.5]
	at org.apache.jmeter.control.LoopController.next(LoopController.java:134) ~[ApacheJMeter_core.jar:5.5]
	at org.apache.jmeter.threads.AbstractThreadGroup.next(AbstractThreadGroup.java:99) ~[ApacheJMeter_core.jar:5.5]
	at org.apache.jmeter.threads.JMeterThread.run(JMeterThread.java:266) ~[ApacheJMeter_core.jar:5.5]
	at java.lang.Thread.run(Thread.java:748) ~[?:1.8.0_275]
Caused by: java.lang.IllegalArgumentException: File Sales_Order_Input.csv must exist and be readable
	at org.apache.jmeter.services.FileServer.createBufferedReader(FileServer.java:424) ~[ApacheJMeter_core.jar:5.5]
	at org.apache.jmeter.services.FileServer.readLine(FileServer.java:340) ~[ApacheJMeter_core.jar:5.5]
	at org.apache.jmeter.services.FileServer.readLine(FileServer.java:324) ~[ApacheJMeter_core.jar:5.5]
	at org.apache.jmeter.services.FileServer.reserveFile(FileServer.java:272) ~[ApacheJMeter_core.jar:5.5]
	... 9 more
2023-06-07 06:59:49,154 INFO o.a.j.t.JMeterThread: Thread finished: Sales Users 1-19
2023-06-07 06:59:49,650 INFO o.a.j.t.JMeterThread: Thread started: Sales Users 1-20
2023-06-07 06:59:49,651 ERROR o.a.j.t.JMeterThread: Test failed!
java.lang.IllegalArgumentException: Could not read file header line for file /home/vindyag/Vindya/NEW Learnings/DRIW/OMS Performace Testing/OMS Performance Testing/Inputs/Sales_Order_Input.csv
	at org.apache.jmeter.services.FileServer.reserveFile(FileServer.java:283) ~[ApacheJMeter_core.jar:5.5]
	at org.apache.jmeter.config.CSVDataSet.initVars(CSVDataSet.java:208) ~[ApacheJMeter_components.jar:5.5]
	at org.apache.jmeter.config.CSVDataSet.iterationStart(CSVDataSet.java:171) ~[ApacheJMeter_components.jar:5.5]
	at org.apache.jmeter.control.GenericController.fireIterationStart(GenericController.java:399) ~[ApacheJMeter_core.jar:5.5]
	at org.apache.jmeter.control.GenericController.fireIterEvents(GenericController.java:391) ~[ApacheJMeter_core.jar:5.5]
	at org.apache.jmeter.control.GenericController.next(GenericController.java:160) ~[ApacheJMeter_core.jar:5.5]
	at org.apache.jmeter.control.LoopController.next(LoopController.java:134) ~[ApacheJMeter_core.jar:5.5]
	at org.apache.jmeter.threads.AbstractThreadGroup.next(AbstractThreadGroup.java:99) ~[ApacheJMeter_core.jar:5.5]
	at org.apache.jmeter.threads.JMeterThread.run(JMeterThread.java:266) ~[ApacheJMeter_core.jar:5.5]
	at java.lang.Thread.run(Thread.java:748) ~[?:1.8.0_275]
Caused by: java.lang.IllegalArgumentException: File Sales_Order_Input.csv must exist and be readable
	at org.apache.jmeter.services.FileServer.createBufferedReader(FileServer.java:424) ~[ApacheJMeter_core.jar:5.5]
	at org.apache.jmeter.services.FileServer.readLine(FileServer.java:340) ~[ApacheJMeter_core.jar:5.5]
	at org.apache.jmeter.services.FileServer.readLine(FileServer.java:324) ~[ApacheJMeter_core.jar:5.5]
	at org.apache.jmeter.services.FileServer.reserveFile(FileServer.java:272) ~[ApacheJMeter_core.jar:5.5]
	... 9 more
2023-06-07 06:59:49,652 INFO o.a.j.t.JMeterThread: Thread finished: Sales Users 1-20
2023-06-07 06:59:49,653 INFO o.a.j.e.StandardJMeterEngine: Notifying test listeners of end of test
2023-06-07 06:59:49,658 INFO o.a.j.r.Summariser: summary =      0 in 00:00:00 = ******/s Avg:     0 Min: 9223372036854775807 Max: -9223372036854775808 Err:     0 (0.00%)
